[0.067s] Traceback (most recent call last):
  File "C:\Users\dmanu\AppData\Local\Programs\Python\Python314\Lib\site-packages\colcon_core\executor\__init__.py", line 91, in __call__
    rc = await self.task(*args, **kwargs)
         ^^^^^^^^^^^^^^^^^^^^^^^^^^^^^^^^
  File "C:\Users\dmanu\AppData\Local\Programs\Python\Python314\Lib\site-packages\colcon_core\task\__init__.py", line 93, in __call__
    return await task_method(*args, **kwargs)
           ^^^^^^^^^^^^^^^^^^^^^^^^^^^^^^^^^^
  File "C:\Users\dmanu\AppData\Local\Programs\Python\Python314\Lib\site-packages\colcon_ros\task\catkin\build.py", line 74, in build
    rc = await extension.build(
         ^^^^^^^^^^^^^^^^^^^^^^
        skip_hook_creation=True, additional_targets=additional_targets)
        ^^^^^^^^^^^^^^^^^^^^^^^^^^^^^^^^^^^^^^^^^^^^^^^^^^^^^^^^^^^^^^^
  File "C:\Users\dmanu\AppData\Local\Programs\Python\Python314\Lib\site-packages\colcon_cmake\task\cmake\build.py", line 87, in build
    rc = await self._reconfigure(args, env)
         ^^^^^^^^^^^^^^^^^^^^^^^^^^^^^^^^^^
  File "C:\Users\dmanu\AppData\Local\Programs\Python\Python314\Lib\site-packages\colcon_cmake\task\cmake\build.py", line 151, in _reconfigure
    raise RuntimeError(
        'VisualStudioVersion is not set, '
        'please run within a Visual Studio Command Prompt.')
RuntimeError: VisualStudioVersion is not set, please run within a Visual Studio Command Prompt.
